{"C:\\Users\\kaoz_\\Downloads\\TesisApp\\client\\src\\components\\Historial\\HistorialChart.js": {"path":"C:\\Users\\kaoz_\\Downloads\\TesisApp\\client\\src\\components\\Historial\\HistorialChart.js","statementMap":{"0":{"start":{"line":5,"column":23},"end":{"line":110,"column":1}},"1":{"start":{"line":6,"column":34},"end":{"line":6,"column":46}},"2":{"start":{"line":7,"column":24},"end":{"line":7,"column":46}},"3":{"start":{"line":8,"column":20},"end":{"line":8,"column":38}},"4":{"start":{"line":9,"column":32},"end":{"line":9,"column":47}},"5":{"start":{"line":10,"column":36},"end":{"line":10,"column":48}},"6":{"start":{"line":13,"column":4},"end":{"line":22,"column":7}},"7":{"start":{"line":14,"column":6},"end":{"line":21,"column":9}},"8":{"start":{"line":15,"column":8},"end":{"line":20,"column":10}},"9":{"start":{"line":25,"column":23},"end":{"line":27,"column":3}},"10":{"start":{"line":26,"column":4},"end":{"line":26,"column":29}},"11":{"start":{"line":30,"column":14},"end":{"line":30,"column":16}},"12":{"start":{"line":31,"column":18},"end":{"line":31,"column":20}},"13":{"start":{"line":32,"column":4},"end":{"line":34,"column":5}},"14":{"start":{"line":32,"column":17},"end":{"line":32,"column":18}},"15":{"start":{"line":33,"column":6},"end":{"line":33,"column":25}},"16":{"start":{"line":35,"column":4},"end":{"line":37,"column":5}},"17":{"start":{"line":36,"column":6},"end":{"line":36,"column":24}},"18":{"start":{"line":38,"column":4},"end":{"line":38,"column":19}},"19":{"start":{"line":41,"column":2},"end":{"line":88,"column":10}},"20":{"start":{"line":42,"column":25},"end":{"line":83,"column":5}},"21":{"start":{"line":43,"column":28},"end":{"line":45,"column":7}},"22":{"start":{"line":46,"column":6},"end":{"line":50,"column":8}},"23":{"start":{"line":48,"column":60},"end":{"line":48,"column":77}},"24":{"start":{"line":51,"column":6},"end":{"line":82,"column":9}},"25":{"start":{"line":53,"column":24},"end":{"line":53,"column":45}},"26":{"start":{"line":59,"column":28},"end":{"line":59,"column":43}},"27":{"start":{"line":84,"column":4},"end":{"line":84,"column":19}},"28":{"start":{"line":86,"column":4},"end":{"line":86,"column":45}},"29":{"start":{"line":86,"column":21},"end":{"line":86,"column":37}},"30":{"start":{"line":90,"column":2},"end":{"line":109,"column":4}},"31":{"start":{"line":95,"column":12},"end":{"line":97,"column":21}}},"fnMap":{"0":{"name":"(anonymous_0)","decl":{"start":{"line":5,"column":23},"end":{"line":5,"column":24}},"loc":{"start":{"line":5,"column":29},"end":{"line":110,"column":1}},"line":5},"1":{"name":"search","decl":{"start":{"line":12,"column":11},"end":{"line":12,"column":17}},"loc":{"start":{"line":12,"column":28},"end":{"line":23,"column":3}},"line":12},"2":{"name":"(anonymous_2)","decl":{"start":{"line":13,"column":27},"end":{"line":13,"column":28}},"loc":{"start":{"line":13,"column":41},"end":{"line":22,"column":5}},"line":13},"3":{"name":"(anonymous_3)","decl":{"start":{"line":14,"column":30},"end":{"line":14,"column":31}},"loc":{"start":{"line":14,"column":47},"end":{"line":21,"column":7}},"line":14},"4":{"name":"(anonymous_4)","decl":{"start":{"line":25,"column":23},"end":{"line":25,"column":24}},"loc":{"start":{"line":25,"column":34},"end":{"line":27,"column":3}},"line":25},"5":{"name":"duplicates","decl":{"start":{"line":29,"column":11},"end":{"line":29,"column":21}},"loc":{"start":{"line":29,"column":27},"end":{"line":39,"column":3}},"line":29},"6":{"name":"(anonymous_6)","decl":{"start":{"line":41,"column":12},"end":{"line":41,"column":13}},"loc":{"start":{"line":41,"column":18},"end":{"line":88,"column":3}},"line":41},"7":{"name":"(anonymous_7)","decl":{"start":{"line":42,"column":25},"end":{"line":42,"column":26}},"loc":{"start":{"line":42,"column":37},"end":{"line":83,"column":5}},"line":42},"8":{"name":"(anonymous_8)","decl":{"start":{"line":48,"column":46},"end":{"line":48,"column":47}},"loc":{"start":{"line":48,"column":60},"end":{"line":48,"column":77}},"line":48},"9":{"name":"(anonymous_9)","decl":{"start":{"line":53,"column":10},"end":{"line":53,"column":11}},"loc":{"start":{"line":53,"column":24},"end":{"line":53,"column":45}},"line":53},"10":{"name":"(anonymous_10)","decl":{"start":{"line":59,"column":14},"end":{"line":59,"column":15}},"loc":{"start":{"line":59,"column":28},"end":{"line":59,"column":43}},"line":59},"11":{"name":"(anonymous_11)","decl":{"start":{"line":86,"column":15},"end":{"line":86,"column":16}},"loc":{"start":{"line":86,"column":21},"end":{"line":86,"column":37}},"line":86},"12":{"name":"(anonymous_12)","decl":{"start":{"line":94,"column":25},"end":{"line":94,"column":26}},"loc":{"start":{"line":95,"column":12},"end":{"line":97,"column":21}},"line":95}},"branchMap":{"0":{"loc":{"start":{"line":102,"column":9},"end":{"line":106,"column":9}},"type":"cond-expr","locations":[{"start":{"line":103,"column":10},"end":{"line":103,"column":44}},{"start":{"line":105,"column":10},"end":{"line":105,"column":63}}],"line":102}},"s":{"0":6,"1":0,"2":0,"3":0,"4":0,"5":0,"6":0,"7":0,"8":0,"9":0,"10":0,"11":0,"12":0,"13":0,"14":0,"15":0,"16":0,"17":0,"18":0,"19":0,"20":0,"21":0,"22":0,"23":0,"24":0,"25":0,"26":0,"27":0,"28":0,"29":0,"30":0,"31":0},"f":{"0":0,"1":0,"2":0,"3":0,"4":0,"5":0,"6":0,"7":0,"8":0,"9":0,"10":0,"11":0,"12":0},"b":{"0":[0,0]},"_coverageSchema":"1a1c01bbd47fc00a2c39e90264f33305004495a9","hash":"3346010581ae3da66ff011c6e34c6bde1a00df3a"}
,"C:\\Users\\kaoz_\\Downloads\\TesisApp\\client\\src\\components\\ItemRecetas\\ItemRecetav2.js": {"path":"C:\\Users\\kaoz_\\Downloads\\TesisApp\\client\\src\\components\\ItemRecetas\\ItemRecetav2.js","statementMap":{"0":{"start":{"line":25,"column":28},"end":{"line":25,"column":40}},"1":{"start":{"line":26,"column":24},"end":{"line":26,"column":57}},"2":{"start":{"line":27,"column":26},"end":{"line":27,"column":50}},"3":{"start":{"line":28,"column":40},"end":{"line":28,"column":52}},"4":{"start":{"line":29,"column":16},"end":{"line":29,"column":40}},"5":{"start":{"line":30,"column":19},"end":{"line":30,"column":32}},"6":{"start":{"line":33,"column":31},"end":{"line":37,"column":5}},"7":{"start":{"line":38,"column":4},"end":{"line":38,"column":37}},"8":{"start":{"line":41,"column":21},"end":{"line":50,"column":5}},"9":{"start":{"line":42,"column":33},"end":{"line":42,"column":38}},"10":{"start":{"line":43,"column":4},"end":{"line":43,"column":37}},"11":{"start":{"line":44,"column":29},"end":{"line":50,"column":3}},"12":{"start":{"line":52,"column":25},"end":{"line":58,"column":3}},"13":{"start":{"line":53,"column":4},"end":{"line":57,"column":7}},"14":{"start":{"line":54,"column":6},"end":{"line":55,"column":55}},"15":{"start":{"line":55,"column":8},"end":{"line":55,"column":55}},"16":{"start":{"line":55,"column":45},"end":{"line":55,"column":53}},"17":{"start":{"line":56,"column":6},"end":{"line":56,"column":38}},"18":{"start":{"line":60,"column":2},"end":{"line":67,"column":9}},"19":{"start":{"line":61,"column":4},"end":{"line":66,"column":7}},"20":{"start":{"line":62,"column":6},"end":{"line":62,"column":36}},"21":{"start":{"line":63,"column":6},"end":{"line":65,"column":8}},"22":{"start":{"line":64,"column":8},"end":{"line":64,"column":59}},"23":{"start":{"line":69,"column":15},"end":{"line":69,"column":35}},"24":{"start":{"line":72,"column":4},"end":{"line":92,"column":7}},"25":{"start":{"line":73,"column":6},"end":{"line":91,"column":7}},"26":{"start":{"line":74,"column":8},"end":{"line":81,"column":11}},"27":{"start":{"line":75,"column":10},"end":{"line":80,"column":12}},"28":{"start":{"line":82,"column":13},"end":{"line":91,"column":7}},"29":{"start":{"line":83,"column":8},"end":{"line":90,"column":11}},"30":{"start":{"line":84,"column":10},"end":{"line":89,"column":12}},"31":{"start":{"line":95,"column":2},"end":{"line":168,"column":4}},"32":{"start":{"line":98,"column":8},"end":{"line":165,"column":25}},"33":{"start":{"line":123,"column":16},"end":{"line":129,"column":18}},"34":{"start":{"line":135,"column":31},"end":{"line":135,"column":60}},"35":{"start":{"line":154,"column":20},"end":{"line":154,"column":39}},"36":{"start":{"line":155,"column":20},"end":{"line":157,"column":23}}},"fnMap":{"0":{"name":"ItemRecetav2","decl":{"start":{"line":24,"column":24},"end":{"line":24,"column":36}},"loc":{"start":{"line":24,"column":39},"end":{"line":169,"column":1}},"line":24},"1":{"name":"color","decl":{"start":{"line":32,"column":11},"end":{"line":32,"column":16}},"loc":{"start":{"line":32,"column":24},"end":{"line":39,"column":3}},"line":32},"2":{"name":"(anonymous_2)","decl":{"start":{"line":41,"column":28},"end":{"line":41,"column":29}},"loc":{"start":{"line":41,"column":39},"end":{"line":44,"column":3}},"line":41},"3":{"name":"(anonymous_3)","decl":{"start":{"line":44,"column":5},"end":{"line":44,"column":6}},"loc":{"start":{"line":44,"column":29},"end":{"line":50,"column":3}},"line":44},"4":{"name":"(anonymous_4)","decl":{"start":{"line":52,"column":25},"end":{"line":52,"column":26}},"loc":{"start":{"line":52,"column":33},"end":{"line":58,"column":3}},"line":52},"5":{"name":"(anonymous_5)","decl":{"start":{"line":53,"column":19},"end":{"line":53,"column":20}},"loc":{"start":{"line":53,"column":40},"end":{"line":57,"column":5}},"line":53},"6":{"name":"(anonymous_6)","decl":{"start":{"line":55,"column":38},"end":{"line":55,"column":39}},"loc":{"start":{"line":55,"column":45},"end":{"line":55,"column":53}},"line":55},"7":{"name":"(anonymous_7)","decl":{"start":{"line":60,"column":12},"end":{"line":60,"column":13}},"loc":{"start":{"line":60,"column":18},"end":{"line":67,"column":3}},"line":60},"8":{"name":"(anonymous_8)","decl":{"start":{"line":61,"column":64},"end":{"line":61,"column":65}},"loc":{"start":{"line":61,"column":73},"end":{"line":66,"column":5}},"line":61},"9":{"name":"(anonymous_9)","decl":{"start":{"line":63,"column":34},"end":{"line":63,"column":35}},"loc":{"start":{"line":64,"column":8},"end":{"line":64,"column":59}},"line":64},"10":{"name":"search","decl":{"start":{"line":71,"column":11},"end":{"line":71,"column":17}},"loc":{"start":{"line":71,"column":27},"end":{"line":93,"column":3}},"line":71},"11":{"name":"(anonymous_11)","decl":{"start":{"line":72,"column":26},"end":{"line":72,"column":27}},"loc":{"start":{"line":72,"column":38},"end":{"line":92,"column":5}},"line":72},"12":{"name":"(anonymous_12)","decl":{"start":{"line":74,"column":32},"end":{"line":74,"column":33}},"loc":{"start":{"line":74,"column":47},"end":{"line":81,"column":9}},"line":74},"13":{"name":"(anonymous_13)","decl":{"start":{"line":83,"column":32},"end":{"line":83,"column":33}},"loc":{"start":{"line":83,"column":47},"end":{"line":90,"column":9}},"line":83},"14":{"name":"(anonymous_14)","decl":{"start":{"line":97,"column":24},"end":{"line":97,"column":25}},"loc":{"start":{"line":98,"column":8},"end":{"line":165,"column":25}},"line":98},"15":{"name":"(anonymous_15)","decl":{"start":{"line":122,"column":40},"end":{"line":122,"column":41}},"loc":{"start":{"line":122,"column":55},"end":{"line":130,"column":15}},"line":122},"16":{"name":"(anonymous_16)","decl":{"start":{"line":135,"column":25},"end":{"line":135,"column":26}},"loc":{"start":{"line":135,"column":31},"end":{"line":135,"column":60}},"line":135},"17":{"name":"(anonymous_17)","decl":{"start":{"line":153,"column":27},"end":{"line":153,"column":28}},"loc":{"start":{"line":153,"column":34},"end":{"line":158,"column":19}},"line":153}},"branchMap":{"0":{"loc":{"start":{"line":45,"column":15},"end":{"line":45,"column":58}},"type":"cond-expr","locations":[{"start":{"line":45,"column":25},"end":{"line":45,"column":39}},{"start":{"line":45,"column":42},"end":{"line":45,"column":58}}],"line":45},"1":{"loc":{"start":{"line":54,"column":6},"end":{"line":55,"column":55}},"type":"if","locations":[{"start":{"line":54,"column":6},"end":{"line":55,"column":55}},{"start":{},"end":{}}],"line":54},"2":{"loc":{"start":{"line":73,"column":6},"end":{"line":91,"column":7}},"type":"if","locations":[{"start":{"line":73,"column":6},"end":{"line":91,"column":7}},{"start":{"line":82,"column":13},"end":{"line":91,"column":7}}],"line":73},"3":{"loc":{"start":{"line":82,"column":13},"end":{"line":91,"column":7}},"type":"if","locations":[{"start":{"line":82,"column":13},"end":{"line":91,"column":7}},{"start":{},"end":{}}],"line":82}},"s":{"0":0,"1":0,"2":0,"3":0,"4":0,"5":0,"6":0,"7":0,"8":0,"9":0,"10":0,"11":0,"12":0,"13":0,"14":0,"15":0,"16":0,"17":0,"18":0,"19":0,"20":0,"21":0,"22":0,"23":0,"24":0,"25":0,"26":0,"27":0,"28":0,"29":0,"30":0,"31":0,"32":0,"33":0,"34":0,"35":0,"36":0},"f":{"0":0,"1":0,"2":0,"3":0,"4":0,"5":0,"6":0,"7":0,"8":0,"9":0,"10":0,"11":0,"12":0,"13":0,"14":0,"15":0,"16":0,"17":0},"b":{"0":[0,0],"1":[0,0],"2":[0,0],"3":[0,0]},"_coverageSchema":"1a1c01bbd47fc00a2c39e90264f33305004495a9","hash":"a7e2cf724e13628e8ab03a9892ac9b0e8eda2a13"}
,"C:\\Users\\kaoz_\\Downloads\\TesisApp\\client\\src\\components\\ListaCompra\\ListaCompras.js": {"path":"C:\\Users\\kaoz_\\Downloads\\TesisApp\\client\\src\\components\\ListaCompra\\ListaCompras.js","statementMap":{"0":{"start":{"line":20,"column":19},"end":{"line":20,"column":32}},"1":{"start":{"line":22,"column":30},"end":{"line":22,"column":42}},"2":{"start":{"line":23,"column":30},"end":{"line":23,"column":42}},"3":{"start":{"line":24,"column":21},"end":{"line":24,"column":40}},"4":{"start":{"line":27,"column":21},"end":{"line":27,"column":38}},"5":{"start":{"line":28,"column":4},"end":{"line":28,"column":24}},"6":{"start":{"line":31,"column":2},"end":{"line":39,"column":15}},"7":{"start":{"line":32,"column":4},"end":{"line":38,"column":9}},"8":{"start":{"line":37,"column":8},"end":{"line":37,"column":42}},"9":{"start":{"line":41,"column":15},"end":{"line":41,"column":36}},"10":{"start":{"line":43,"column":2},"end":{"line":144,"column":7}},"11":{"start":{"line":45,"column":6},"end":{"line":45,"column":53}},"12":{"start":{"line":48,"column":6},"end":{"line":143,"column":23}},"13":{"start":{"line":59,"column":22},"end":{"line":73,"column":24}},"14":{"start":{"line":118,"column":16},"end":{"line":118,"column":35}},"15":{"start":{"line":119,"column":16},"end":{"line":119,"column":41}},"16":{"start":{"line":120,"column":16},"end":{"line":122,"column":25}},"17":{"start":{"line":121,"column":18},"end":{"line":121,"column":54}},"18":{"start":{"line":130,"column":16},"end":{"line":130,"column":35}},"19":{"start":{"line":131,"column":16},"end":{"line":136,"column":18}}},"fnMap":{"0":{"name":"ListaCompras","decl":{"start":{"line":19,"column":24},"end":{"line":19,"column":36}},"loc":{"start":{"line":19,"column":39},"end":{"line":145,"column":1}},"line":19},"1":{"name":"hideMe","decl":{"start":{"line":26,"column":11},"end":{"line":26,"column":17}},"loc":{"start":{"line":26,"column":22},"end":{"line":29,"column":3}},"line":26},"2":{"name":"(anonymous_2)","decl":{"start":{"line":31,"column":12},"end":{"line":31,"column":13}},"loc":{"start":{"line":31,"column":18},"end":{"line":39,"column":3}},"line":31},"3":{"name":"(anonymous_3)","decl":{"start":{"line":36,"column":12},"end":{"line":36,"column":13}},"loc":{"start":{"line":36,"column":21},"end":{"line":38,"column":7}},"line":36},"4":{"name":"(anonymous_4)","decl":{"start":{"line":44,"column":12},"end":{"line":44,"column":13}},"loc":{"start":{"line":44,"column":31},"end":{"line":46,"column":5}},"line":44},"5":{"name":"(anonymous_5)","decl":{"start":{"line":47,"column":9},"end":{"line":47,"column":10}},"loc":{"start":{"line":48,"column":6},"end":{"line":143,"column":23}},"line":48},"6":{"name":"(anonymous_6)","decl":{"start":{"line":58,"column":49},"end":{"line":58,"column":50}},"loc":{"start":{"line":58,"column":64},"end":{"line":74,"column":21}},"line":58},"7":{"name":"(anonymous_7)","decl":{"start":{"line":117,"column":23},"end":{"line":117,"column":24}},"loc":{"start":{"line":117,"column":30},"end":{"line":123,"column":15}},"line":117},"8":{"name":"(anonymous_8)","decl":{"start":{"line":120,"column":27},"end":{"line":120,"column":28}},"loc":{"start":{"line":120,"column":33},"end":{"line":122,"column":17}},"line":120},"9":{"name":"(anonymous_9)","decl":{"start":{"line":129,"column":23},"end":{"line":129,"column":24}},"loc":{"start":{"line":129,"column":30},"end":{"line":137,"column":15}},"line":129}},"branchMap":{"0":{"loc":{"start":{"line":103,"column":13},"end":{"line":111,"column":13}},"type":"cond-expr","locations":[{"start":{"line":104,"column":14},"end":{"line":108,"column":16}},{"start":{"line":110,"column":14},"end":{"line":110,"column":66}}],"line":103}},"s":{"0":0,"1":0,"2":0,"3":0,"4":0,"5":0,"6":0,"7":0,"8":0,"9":0,"10":0,"11":0,"12":0,"13":0,"14":0,"15":0,"16":0,"17":0,"18":0,"19":0},"f":{"0":0,"1":0,"2":0,"3":0,"4":0,"5":0,"6":0,"7":0,"8":0,"9":0},"b":{"0":[0,0]},"_coverageSchema":"1a1c01bbd47fc00a2c39e90264f33305004495a9","hash":"26967de53ab3bb1df182e030abde598b02311bdc"}
,"C:\\Users\\kaoz_\\Downloads\\TesisApp\\client\\src\\context\\UserContext.js": {"path":"C:\\Users\\kaoz_\\Downloads\\TesisApp\\client\\src\\context\\UserContext.js","statementMap":{"0":{"start":{"line":4,"column":16},"end":{"line":4,"column":39}},"1":{"start":{"line":5,"column":16},"end":{"line":5,"column":29}},"2":{"start":{"line":8,"column":28},"end":{"line":8,"column":70}},"3":{"start":{"line":10,"column":2},"end":{"line":12,"column":4}}},"fnMap":{"0":{"name":"UserContext","decl":{"start":{"line":7,"column":16},"end":{"line":7,"column":27}},"loc":{"start":{"line":7,"column":42},"end":{"line":13,"column":1}},"line":7}},"branchMap":{},"s":{"0":6,"1":6,"2":6,"3":6},"f":{"0":6},"b":{},"_coverageSchema":"1a1c01bbd47fc00a2c39e90264f33305004495a9","hash":"b116feaf8ff957e960c253cfa3896c54e8fabdfc"}
,"C:\\Users\\kaoz_\\Downloads\\TesisApp\\client\\src\\hooks\\useUser.js": {"path":"C:\\Users\\kaoz_\\Downloads\\TesisApp\\client\\src\\hooks\\useUser.js","statementMap":{"0":{"start":{"line":7,"column":16},"end":{"line":7,"column":29}},"1":{"start":{"line":10,"column":30},"end":{"line":10,"column":49}},"2":{"start":{"line":12,"column":16},"end":{"line":22,"column":3}},"3":{"start":{"line":14,"column":6},"end":{"line":19,"column":42}},"4":{"start":{"line":16,"column":10},"end":{"line":16,"column":54}},"5":{"start":{"line":17,"column":10},"end":{"line":17,"column":26}},"6":{"start":{"line":19,"column":24},"end":{"line":19,"column":40}},"7":{"start":{"line":24,"column":19},"end":{"line":34,"column":3}},"8":{"start":{"line":26,"column":6},"end":{"line":31,"column":42}},"9":{"start":{"line":28,"column":10},"end":{"line":28,"column":54}},"10":{"start":{"line":29,"column":10},"end":{"line":29,"column":26}},"11":{"start":{"line":31,"column":24},"end":{"line":31,"column":40}},"12":{"start":{"line":36,"column":17},"end":{"line":42,"column":16}},"13":{"start":{"line":37,"column":4},"end":{"line":37,"column":43}},"14":{"start":{"line":38,"column":4},"end":{"line":38,"column":40}},"15":{"start":{"line":39,"column":4},"end":{"line":39,"column":44}},"16":{"start":{"line":40,"column":4},"end":{"line":40,"column":45}},"17":{"start":{"line":41,"column":4},"end":{"line":41,"column":19}},"18":{"start":{"line":44,"column":2},"end":{"line":44,"column":63}}},"fnMap":{"0":{"name":"useUser","decl":{"start":{"line":9,"column":24},"end":{"line":9,"column":31}},"loc":{"start":{"line":9,"column":34},"end":{"line":45,"column":1}},"line":9},"1":{"name":"(anonymous_1)","decl":{"start":{"line":13,"column":4},"end":{"line":13,"column":5}},"loc":{"start":{"line":13,"column":32},"end":{"line":20,"column":5}},"line":13},"2":{"name":"(anonymous_2)","decl":{"start":{"line":15,"column":14},"end":{"line":15,"column":15}},"loc":{"start":{"line":15,"column":25},"end":{"line":18,"column":9}},"line":15},"3":{"name":"(anonymous_3)","decl":{"start":{"line":19,"column":15},"end":{"line":19,"column":16}},"loc":{"start":{"line":19,"column":24},"end":{"line":19,"column":40}},"line":19},"4":{"name":"(anonymous_4)","decl":{"start":{"line":25,"column":4},"end":{"line":25,"column":5}},"loc":{"start":{"line":25,"column":50},"end":{"line":32,"column":5}},"line":25},"5":{"name":"(anonymous_5)","decl":{"start":{"line":27,"column":14},"end":{"line":27,"column":15}},"loc":{"start":{"line":27,"column":25},"end":{"line":30,"column":9}},"line":27},"6":{"name":"(anonymous_6)","decl":{"start":{"line":31,"column":15},"end":{"line":31,"column":16}},"loc":{"start":{"line":31,"column":24},"end":{"line":31,"column":40}},"line":31},"7":{"name":"(anonymous_7)","decl":{"start":{"line":36,"column":29},"end":{"line":36,"column":30}},"loc":{"start":{"line":36,"column":35},"end":{"line":42,"column":3}},"line":36}},"branchMap":{},"s":{"0":6,"1":6,"2":6,"3":0,"4":0,"5":0,"6":0,"7":6,"8":0,"9":0,"10":0,"11":0,"12":6,"13":0,"14":0,"15":0,"16":0,"17":0,"18":6},"f":{"0":6,"1":0,"2":0,"3":0,"4":0,"5":0,"6":0,"7":0},"b":{},"_coverageSchema":"1a1c01bbd47fc00a2c39e90264f33305004495a9","hash":"198e619d92080580594f537dbff1b5a948d5d0f7"}
,"C:\\Users\\kaoz_\\Downloads\\TesisApp\\client\\src\\hooks\\userUserId.js": {"path":"C:\\Users\\kaoz_\\Downloads\\TesisApp\\client\\src\\hooks\\userUserId.js","statementMap":{"0":{"start":{"line":7,"column":32},"end":{"line":7,"column":51}},"1":{"start":{"line":9,"column":20},"end":{"line":19,"column":17}},"2":{"start":{"line":10,"column":20},"end":{"line":10,"column":33}},"3":{"start":{"line":12,"column":4},"end":{"line":18,"column":40}},"4":{"start":{"line":14,"column":8},"end":{"line":14,"column":75}},"5":{"start":{"line":15,"column":8},"end":{"line":15,"column":73}},"6":{"start":{"line":16,"column":8},"end":{"line":16,"column":47}},"7":{"start":{"line":18,"column":22},"end":{"line":18,"column":38}},"8":{"start":{"line":21,"column":2},"end":{"line":21,"column":48}}},"fnMap":{"0":{"name":"useUserId","decl":{"start":{"line":6,"column":24},"end":{"line":6,"column":33}},"loc":{"start":{"line":6,"column":36},"end":{"line":22,"column":1}},"line":6},"1":{"name":"(anonymous_1)","decl":{"start":{"line":9,"column":32},"end":{"line":9,"column":33}},"loc":{"start":{"line":9,"column":38},"end":{"line":19,"column":3}},"line":9},"2":{"name":"(anonymous_2)","decl":{"start":{"line":13,"column":12},"end":{"line":13,"column":13}},"loc":{"start":{"line":13,"column":24},"end":{"line":17,"column":7}},"line":13},"3":{"name":"(anonymous_3)","decl":{"start":{"line":18,"column":13},"end":{"line":18,"column":14}},"loc":{"start":{"line":18,"column":22},"end":{"line":18,"column":38}},"line":18}},"branchMap":{},"s":{"0":0,"1":0,"2":0,"3":0,"4":0,"5":0,"6":0,"7":0,"8":0},"f":{"0":0,"1":0,"2":0,"3":0},"b":{},"_coverageSchema":"1a1c01bbd47fc00a2c39e90264f33305004495a9","hash":"fc790f095e665ab6203fce6ae5de942c8d2e3bab"}
,"C:\\Users\\kaoz_\\Downloads\\TesisApp\\client\\src\\services\\UserId.js": {"path":"C:\\Users\\kaoz_\\Downloads\\TesisApp\\client\\src\\services\\UserId.js","statementMap":{"0":{"start":{"line":4,"column":16},"end":{"line":4,"column":29}},"1":{"start":{"line":6,"column":12},"end":{"line":6,"column":61}},"2":{"start":{"line":9,"column":2},"end":{"line":11,"column":5}},"3":{"start":{"line":10,"column":4},"end":{"line":10,"column":15}}},"fnMap":{"0":{"name":"getUserIdService","decl":{"start":{"line":8,"column":24},"end":{"line":8,"column":40}},"loc":{"start":{"line":8,"column":43},"end":{"line":12,"column":1}},"line":8},"1":{"name":"(anonymous_1)","decl":{"start":{"line":9,"column":67},"end":{"line":9,"column":68}},"loc":{"start":{"line":9,"column":76},"end":{"line":11,"column":3}},"line":9}},"branchMap":{},"s":{"0":6,"1":6,"2":0,"3":0},"f":{"0":0,"1":0},"b":{},"_coverageSchema":"1a1c01bbd47fc00a2c39e90264f33305004495a9","hash":"ca4292d7dce970d4c898146589d522c8ee1cb35a"}
,"C:\\Users\\kaoz_\\Downloads\\TesisApp\\client\\src\\services\\login.js": {"path":"C:\\Users\\kaoz_\\Downloads\\TesisApp\\client\\src\\services\\login.js","statementMap":{"0":{"start":{"line":4,"column":12},"end":{"line":4,"column":58}},"1":{"start":{"line":6,"column":16},"end":{"line":6,"column":29}},"2":{"start":{"line":9,"column":2},"end":{"line":9,"column":40}},"3":{"start":{"line":10,"column":2},"end":{"line":29,"column":38}},"4":{"start":{"line":26,"column":6},"end":{"line":26,"column":58}},"5":{"start":{"line":27,"column":6},"end":{"line":27,"column":28}},"6":{"start":{"line":29,"column":20},"end":{"line":29,"column":36}}},"fnMap":{"0":{"name":"loginService","decl":{"start":{"line":8,"column":24},"end":{"line":8,"column":36}},"loc":{"start":{"line":8,"column":61},"end":{"line":30,"column":1}},"line":8},"1":{"name":"(anonymous_1)","decl":{"start":{"line":25,"column":10},"end":{"line":25,"column":11}},"loc":{"start":{"line":25,"column":19},"end":{"line":28,"column":5}},"line":25},"2":{"name":"(anonymous_2)","decl":{"start":{"line":29,"column":11},"end":{"line":29,"column":12}},"loc":{"start":{"line":29,"column":20},"end":{"line":29,"column":36}},"line":29}},"branchMap":{},"s":{"0":6,"1":6,"2":0,"3":0,"4":0,"5":0,"6":0},"f":{"0":0,"1":0,"2":0},"b":{},"_coverageSchema":"1a1c01bbd47fc00a2c39e90264f33305004495a9","hash":"a293b7b314807e93b7fc25f0d021a8afe9bf1e0c"}
,"C:\\Users\\kaoz_\\Downloads\\TesisApp\\client\\src\\services\\registro.js": {"path":"C:\\Users\\kaoz_\\Downloads\\TesisApp\\client\\src\\services\\registro.js","statementMap":{"0":{"start":{"line":4,"column":12},"end":{"line":4,"column":61}},"1":{"start":{"line":5,"column":16},"end":{"line":5,"column":29}},"2":{"start":{"line":13,"column":2},"end":{"line":32,"column":38}},"3":{"start":{"line":29,"column":6},"end":{"line":29,"column":58}},"4":{"start":{"line":30,"column":6},"end":{"line":30,"column":28}},"5":{"start":{"line":32,"column":20},"end":{"line":32,"column":36}}},"fnMap":{"0":{"name":"registerService","decl":{"start":{"line":7,"column":24},"end":{"line":7,"column":39}},"loc":{"start":{"line":12,"column":3},"end":{"line":33,"column":1}},"line":12},"1":{"name":"(anonymous_1)","decl":{"start":{"line":28,"column":10},"end":{"line":28,"column":11}},"loc":{"start":{"line":28,"column":19},"end":{"line":31,"column":5}},"line":28},"2":{"name":"(anonymous_2)","decl":{"start":{"line":32,"column":11},"end":{"line":32,"column":12}},"loc":{"start":{"line":32,"column":20},"end":{"line":32,"column":36}},"line":32}},"branchMap":{},"s":{"0":6,"1":6,"2":0,"3":0,"4":0,"5":0},"f":{"0":0,"1":0,"2":0},"b":{},"_coverageSchema":"1a1c01bbd47fc00a2c39e90264f33305004495a9","hash":"eb7e4a6c95454648109b0d0881b5ea4d187e2484"}
}
